I0611 16:23:12.787983    7971 load.go:37] Reloading schema and connectors...
W0611 16:23:12.908048    7971 control.go:61] [/emulator/skillix-db-service 1a65] connector "tovi-connector" has errors: connector/queries.gql:89: Field "userFirebaseUid_expr" is not defined by type "UserAnalytics_Key".
connector/queries.gql:135: Field "userFirebaseUid_expr" is not defined by type "StreakData_Key".

sources: connector/queries.gql [4399B] connector/mutations.gql [7213B] 
I0611 16:23:12.908313    7971 control.go:73] [/emulator/skillix-db-service 1a65] UpdateResources(): done
Schema: sources: schema/schema.gql [15723B] 
Connector "tovi-connector": sources: connector/queries.gql [4399B] connector/mutations.gql [7213B] 
E0611 16:23:12.913216    7971 load.go:79] Could not load sources: 
Errors: connector/queries.gql:89: Field "userFirebaseUid_expr" is not defined by type "UserAnalytics_Key".
connector/queries.gql:135: Field "userFirebaseUid_expr" is not defined by type "StreakData_Key".
I0611 16:23:12.916145    7971 collector.go:107] schema extensions wrote into "/Users/lucamazzarello_/Desktop/Repositories/skillix-backend/dataconnect/.dataconnect/schema"
Generated sources: main/input.gql [317092B] main/relation.gql [169024B] main/query.gql [44713B] main/mutation.gql [123169B] prelude.gql [71531B] 
I0611 16:23:12.916372    7971 load.go:80] Finished reloading
I0611 16:23:12.918959    7971 dev.go:95] Listening on address (HTTP + gRPC): 127.0.0.1:9399
I0611 16:23:12.919604    7971 dev.go:95] Listening on address (HTTP + gRPC): [::1]:9399
W0611 16:23:15.103134    7971 control.go:61] [/emulator/skillix-db-service 588f] connector "tovi-connector" has errors: connector/queries.gql:89: Field "userFirebaseUid_expr" is not defined by type "UserAnalytics_Key".
connector/queries.gql:135: Field "userFirebaseUid_expr" is not defined by type "StreakData_Key".

sources: connector/queries.gql [4399B] connector/mutations.gql [7213B] 
I0611 16:23:15.103171    7971 control.go:73] [/emulator/skillix-db-service 588f] UpdateResources(): done
Schema: sources: schema/schema.gql [15723B] 
Connector "tovi-connector": sources: connector/mutations.gql [7213B] connector/queries.gql [4399B] 
I0611 16:23:15.103186    7971 service.go:147] [/emulator/skillix-db-service 588f] while configuring to server.Settings{ConnectionString:"dbname='skillix-db-database' host='127.0.0.1' port='5432' sslmode='disable' dbname='skillix-db-database'", MaxOpenConnection:1, UseDummy:false, EnableGoogleMLIntegration:false, SchemaValidationMode:""}, failed to reload last live sources: 
Errors: connector/queries.gql:89: Field "userFirebaseUid_expr" is not defined by type "UserAnalytics_Key".
connector/queries.gql:135: Field "userFirebaseUid_expr" is not defined by type "StreakData_Key".
I0611 16:23:19.171814    7971 prepare.go:117] [operation "CreateUser" attempt 1] preparePlan succeeded
I0611 16:23:19.171867    7971 prepare.go:108] [operation "CreateUser" attempt 1] DBStats beforePrepare: sql.DBStats{MaxOpenConnections:1, OpenConnections:1, InUse:0, Idle:1, WaitCount:0, WaitDuration:0, MaxIdleClosed:0, MaxIdleTimeClosed:0, MaxLifetimeClosed:0}, afterPrepare: sql.DBStats{MaxOpenConnections:1, OpenConnections:1, InUse:0, Idle:1, WaitCount:0, WaitDuration:0, MaxIdleClosed:0, MaxIdleTimeClosed:0, MaxLifetimeClosed:0}
I0611 16:23:19.177424    7971 executor.go:97] [operation "CreateUser" attempt 1] DBStats beforeRun: sql.DBStats{MaxOpenConnections:1, OpenConnections:1, InUse:0, Idle:1, WaitCount:0, WaitDuration:0, MaxIdleClosed:0, MaxIdleTimeClosed:0, MaxLifetimeClosed:0}, afterRun: sql.DBStats{MaxOpenConnections:1, OpenConnections:1, InUse:0, Idle:1, WaitCount:0, WaitDuration:0, MaxIdleClosed:0, MaxIdleTimeClosed:0, MaxLifetimeClosed:0}
I0611 16:23:19.177658    7971 engine.go:170] [/emulator/skillix-db-service 588f] ExecuteGraphql : succeeded. 
I0611 16:23:19.217834    7971 prepare.go:117] [operation "GetUserByFirebaseUid" attempt 1] preparePlan succeeded
I0611 16:23:19.217852    7971 prepare.go:108] [operation "GetUserByFirebaseUid" attempt 1] DBStats beforePrepare: sql.DBStats{MaxOpenConnections:1, OpenConnections:1, InUse:0, Idle:1, WaitCount:0, WaitDuration:0, MaxIdleClosed:0, MaxIdleTimeClosed:0, MaxLifetimeClosed:0}, afterPrepare: sql.DBStats{MaxOpenConnections:1, OpenConnections:1, InUse:0, Idle:1, WaitCount:0, WaitDuration:0, MaxIdleClosed:0, MaxIdleTimeClosed:0, MaxLifetimeClosed:0}
I0611 16:23:19.218630    7971 executor.go:97] [operation "GetUserByFirebaseUid" attempt 1] DBStats beforeRun: sql.DBStats{MaxOpenConnections:1, OpenConnections:1, InUse:0, Idle:1, WaitCount:0, WaitDuration:0, MaxIdleClosed:0, MaxIdleTimeClosed:0, MaxLifetimeClosed:0}, afterRun: sql.DBStats{MaxOpenConnections:1, OpenConnections:1, InUse:0, Idle:1, WaitCount:0, WaitDuration:0, MaxIdleClosed:0, MaxIdleTimeClosed:0, MaxLifetimeClosed:0}
I0611 16:23:19.218649    7971 engine.go:170] [/emulator/skillix-db-service 588f] ExecuteGraphqlRead : succeeded. 
I0611 16:23:19.382209    7971 prepare.go:117] [operation "CreateUser" attempt 1] preparePlan succeeded
I0611 16:23:19.382230    7971 prepare.go:108] [operation "CreateUser" attempt 1] DBStats beforePrepare: sql.DBStats{MaxOpenConnections:1, OpenConnections:1, InUse:0, Idle:1, WaitCount:0, WaitDuration:0, MaxIdleClosed:0, MaxIdleTimeClosed:0, MaxLifetimeClosed:0}, afterPrepare: sql.DBStats{MaxOpenConnections:1, OpenConnections:1, InUse:0, Idle:1, WaitCount:0, WaitDuration:0, MaxIdleClosed:0, MaxIdleTimeClosed:0, MaxLifetimeClosed:0}
I0611 16:23:19.383979    7971 executor.go:97] [operation "CreateUser" attempt 1] DBStats beforeRun: sql.DBStats{MaxOpenConnections:1, OpenConnections:1, InUse:0, Idle:1, WaitCount:0, WaitDuration:0, MaxIdleClosed:0, MaxIdleTimeClosed:0, MaxLifetimeClosed:0}, afterRun: sql.DBStats{MaxOpenConnections:1, OpenConnections:1, InUse:0, Idle:1, WaitCount:0, WaitDuration:0, MaxIdleClosed:0, MaxIdleTimeClosed:0, MaxLifetimeClosed:0}
I0611 16:23:19.384002    7971 engine.go:170] [/emulator/skillix-db-service 588f] ExecuteGraphql : succeeded. 
I0611 16:23:19.391485    7971 prepare.go:117] [operation "GetUserByFirebaseUid" attempt 1] preparePlan succeeded
I0611 16:23:19.391504    7971 prepare.go:108] [operation "GetUserByFirebaseUid" attempt 1] DBStats beforePrepare: sql.DBStats{MaxOpenConnections:1, OpenConnections:1, InUse:0, Idle:1, WaitCount:0, WaitDuration:0, MaxIdleClosed:0, MaxIdleTimeClosed:0, MaxLifetimeClosed:0}, afterPrepare: sql.DBStats{MaxOpenConnections:1, OpenConnections:1, InUse:0, Idle:1, WaitCount:0, WaitDuration:0, MaxIdleClosed:0, MaxIdleTimeClosed:0, MaxLifetimeClosed:0}
I0611 16:23:19.392133    7971 executor.go:97] [operation "GetUserByFirebaseUid" attempt 1] DBStats beforeRun: sql.DBStats{MaxOpenConnections:1, OpenConnections:1, InUse:0, Idle:1, WaitCount:0, WaitDuration:0, MaxIdleClosed:0, MaxIdleTimeClosed:0, MaxLifetimeClosed:0}, afterRun: sql.DBStats{MaxOpenConnections:1, OpenConnections:1, InUse:0, Idle:1, WaitCount:0, WaitDuration:0, MaxIdleClosed:0, MaxIdleTimeClosed:0, MaxLifetimeClosed:0}
I0611 16:23:19.392148    7971 engine.go:170] [/emulator/skillix-db-service 588f] ExecuteGraphqlRead : succeeded. 
I0611 16:23:38.844216    7971 prepare.go:117] [operation "CreateUser" attempt 1] preparePlan succeeded
I0611 16:23:38.844235    7971 prepare.go:108] [operation "CreateUser" attempt 1] DBStats beforePrepare: sql.DBStats{MaxOpenConnections:1, OpenConnections:1, InUse:0, Idle:1, WaitCount:0, WaitDuration:0, MaxIdleClosed:0, MaxIdleTimeClosed:0, MaxLifetimeClosed:0}, afterPrepare: sql.DBStats{MaxOpenConnections:1, OpenConnections:1, InUse:0, Idle:1, WaitCount:0, WaitDuration:0, MaxIdleClosed:0, MaxIdleTimeClosed:0, MaxLifetimeClosed:0}
I0611 16:23:38.845472    7971 executor.go:97] [operation "CreateUser" attempt 1] DBStats beforeRun: sql.DBStats{MaxOpenConnections:1, OpenConnections:1, InUse:0, Idle:1, WaitCount:0, WaitDuration:0, MaxIdleClosed:0, MaxIdleTimeClosed:0, MaxLifetimeClosed:0}, afterRun: sql.DBStats{MaxOpenConnections:1, OpenConnections:1, InUse:0, Idle:1, WaitCount:0, WaitDuration:0, MaxIdleClosed:0, MaxIdleTimeClosed:0, MaxLifetimeClosed:0}
I0611 16:23:38.845490    7971 engine.go:170] [/emulator/skillix-db-service 588f] ExecuteGraphql : succeeded. 
I0611 16:23:38.885170    7971 prepare.go:117] [operation "DeleteUser" attempt 1] preparePlan succeeded
I0611 16:23:38.885188    7971 prepare.go:108] [operation "DeleteUser" attempt 1] DBStats beforePrepare: sql.DBStats{MaxOpenConnections:1, OpenConnections:1, InUse:0, Idle:1, WaitCount:0, WaitDuration:0, MaxIdleClosed:0, MaxIdleTimeClosed:0, MaxLifetimeClosed:0}, afterPrepare: sql.DBStats{MaxOpenConnections:1, OpenConnections:1, InUse:0, Idle:1, WaitCount:0, WaitDuration:0, MaxIdleClosed:0, MaxIdleTimeClosed:0, MaxLifetimeClosed:0}
I0611 16:23:38.892572    7971 executor.go:97] [operation "DeleteUser" attempt 1] DBStats beforeRun: sql.DBStats{MaxOpenConnections:1, OpenConnections:1, InUse:0, Idle:1, WaitCount:0, WaitDuration:0, MaxIdleClosed:0, MaxIdleTimeClosed:0, MaxLifetimeClosed:0}, afterRun: sql.DBStats{MaxOpenConnections:1, OpenConnections:1, InUse:0, Idle:1, WaitCount:0, WaitDuration:0, MaxIdleClosed:0, MaxIdleTimeClosed:0, MaxLifetimeClosed:0}
I0611 16:23:38.892601    7971 engine.go:170] [/emulator/skillix-db-service 588f] ExecuteGraphql : succeeded. 
